INFO - Running compliance on file: /results/result_1.txt
INFO -  Compliance checks: training_3.1.0/common.yaml
INFO -  Compliance checks: training_3.1.0/closed_common.yaml
INFO -  Compliance checks: training_3.1.0/closed_resnet.yaml
INFO -  Compliance checks: training_3.1.0/closed_resnet_lars.yaml
INFO - SUCCESS
INFO - Running compliance on file: /results/result_2.txt
INFO -  Compliance checks: training_3.1.0/common.yaml
INFO -  Compliance checks: training_3.1.0/closed_common.yaml
INFO -  Compliance checks: training_3.1.0/closed_resnet.yaml
INFO -  Compliance checks: training_3.1.0/closed_resnet_lars.yaml
INFO - SUCCESS
INFO - Running compliance on file: /results/result_3.txt
INFO -  Compliance checks: training_3.1.0/common.yaml
INFO -  Compliance checks: training_3.1.0/closed_common.yaml
INFO -  Compliance checks: training_3.1.0/closed_resnet.yaml
INFO -  Compliance checks: training_3.1.0/closed_resnet_lars.yaml
WARNING -  Failed checks for eval_accuracy : v['value'] >= 0.7590 and v['value'] < 1.0
ERROR - FAILED
INFO - Running compliance on file: /results/result_4.txt
INFO -  Compliance checks: training_3.1.0/common.yaml
INFO -  Compliance checks: training_3.1.0/closed_common.yaml
INFO -  Compliance checks: training_3.1.0/closed_resnet.yaml
INFO -  Compliance checks: training_3.1.0/closed_resnet_lars.yaml
INFO - SUCCESS
INFO - Running compliance on file: /results/result_5.txt
INFO -  Compliance checks: training_3.1.0/common.yaml
INFO -  Compliance checks: training_3.1.0/closed_common.yaml
INFO -  Compliance checks: training_3.1.0/closed_resnet.yaml
INFO -  Compliance checks: training_3.1.0/closed_resnet_lars.yaml
INFO - SUCCESS
