INFO - Running compliance on file: /results/240509111620985278504_1.log
INFO -  Compliance checks: training_3.1.0/common.yaml
INFO -  Compliance checks: training_3.1.0/closed_common.yaml
INFO -  Compliance checks: training_3.1.0/closed_ssd.yaml
INFO - SUCCESS
INFO - Running compliance on file: /results/240509111620985278504_2.log
INFO -  Compliance checks: training_3.1.0/common.yaml
INFO -  Compliance checks: training_3.1.0/closed_common.yaml
INFO -  Compliance checks: training_3.1.0/closed_ssd.yaml
INFO - SUCCESS
INFO - Running compliance on file: /results/240509111620985278504_3.log
INFO -  Compliance checks: training_3.1.0/common.yaml
INFO -  Compliance checks: training_3.1.0/closed_common.yaml
INFO -  Compliance checks: training_3.1.0/closed_ssd.yaml
INFO - SUCCESS
INFO - Running compliance on file: /results/240509111620985278504_4.log
INFO -  Compliance checks: training_3.1.0/common.yaml
INFO -  Compliance checks: training_3.1.0/closed_common.yaml
INFO -  Compliance checks: training_3.1.0/closed_ssd.yaml
INFO - SUCCESS
INFO - Running compliance on file: /results/240509111620985278504_5.log
INFO -  Compliance checks: training_3.1.0/common.yaml
INFO -  Compliance checks: training_3.1.0/closed_common.yaml
INFO -  Compliance checks: training_3.1.0/closed_ssd.yaml
INFO - SUCCESS
INFO - Running compliance on file: /results/240509111620985278504_6.log
INFO -  Compliance checks: training_3.1.0/common.yaml
INFO -  Compliance checks: training_3.1.0/closed_common.yaml
INFO -  Compliance checks: training_3.1.0/closed_ssd.yaml
INFO - SUCCESS
INFO - Running compliance on file: /results/240509111620985278504_7.log
INFO -  Compliance checks: training_3.1.0/common.yaml
INFO -  Compliance checks: training_3.1.0/closed_common.yaml
INFO -  Compliance checks: training_3.1.0/closed_ssd.yaml
INFO - SUCCESS
INFO - Running compliance on file: /results/240509111620985278504_8.log
INFO -  Compliance checks: training_3.1.0/common.yaml
INFO -  Compliance checks: training_3.1.0/closed_common.yaml
INFO -  Compliance checks: training_3.1.0/closed_ssd.yaml
INFO - SUCCESS
