INFO - Running compliance on file: /results/240429102502787382517_1.log
INFO -  Compliance checks: training_3.1.0/common.yaml
INFO -  Compliance checks: training_3.1.0/closed_common.yaml
INFO -  Compliance checks: training_3.1.0/closed_resnet.yaml
INFO -  Compliance checks: training_3.1.0/closed_resnet_lars.yaml
INFO - SUCCESS
INFO - Running compliance on file: /results/240429102502787382517_2.log
INFO -  Compliance checks: training_3.1.0/common.yaml
INFO -  Compliance checks: training_3.1.0/closed_common.yaml
INFO -  Compliance checks: training_3.1.0/closed_resnet.yaml
INFO -  Compliance checks: training_3.1.0/closed_resnet_lars.yaml
INFO - SUCCESS
INFO - Running compliance on file: /results/240429102502787382517_3.log
INFO -  Compliance checks: training_3.1.0/common.yaml
INFO -  Compliance checks: training_3.1.0/closed_common.yaml
INFO -  Compliance checks: training_3.1.0/closed_resnet.yaml
INFO -  Compliance checks: training_3.1.0/closed_resnet_lars.yaml
INFO - SUCCESS
INFO - Running compliance on file: /results/240429102502787382517_4.log
INFO -  Compliance checks: training_3.1.0/common.yaml
INFO -  Compliance checks: training_3.1.0/closed_common.yaml
INFO -  Compliance checks: training_3.1.0/closed_resnet.yaml
INFO -  Compliance checks: training_3.1.0/closed_resnet_lars.yaml
INFO - SUCCESS
INFO - Running compliance on file: /results/240429102502787382517_5.log
INFO -  Compliance checks: training_3.1.0/common.yaml
INFO -  Compliance checks: training_3.1.0/closed_common.yaml
INFO -  Compliance checks: training_3.1.0/closed_resnet.yaml
INFO -  Compliance checks: training_3.1.0/closed_resnet_lars.yaml
INFO - SUCCESS
INFO - Running compliance on file: /results/240429102502787382517_6.log
INFO -  Compliance checks: training_3.1.0/common.yaml
INFO -  Compliance checks: training_3.1.0/closed_common.yaml
INFO -  Compliance checks: training_3.1.0/closed_resnet.yaml
INFO -  Compliance checks: training_3.1.0/closed_resnet_lars.yaml
INFO - SUCCESS
INFO - Running compliance on file: /results/240429102502787382517_7.log
INFO -  Compliance checks: training_3.1.0/common.yaml
INFO -  Compliance checks: training_3.1.0/closed_common.yaml
INFO -  Compliance checks: training_3.1.0/closed_resnet.yaml
INFO -  Compliance checks: training_3.1.0/closed_resnet_lars.yaml
WARNING -  Failed checks for eval_accuracy : v['value'] >= 0.7590 and v['value'] < 1.0
ERROR - FAILED
INFO - Running compliance on file: /results/240429102502787382517_8.log
INFO -  Compliance checks: training_3.1.0/common.yaml
INFO -  Compliance checks: training_3.1.0/closed_common.yaml
INFO -  Compliance checks: training_3.1.0/closed_resnet.yaml
INFO -  Compliance checks: training_3.1.0/closed_resnet_lars.yaml
INFO - SUCCESS
INFO - Running compliance on file: /results/240429102502787382517_9.log
INFO -  Compliance checks: training_3.1.0/common.yaml
INFO -  Compliance checks: training_3.1.0/closed_common.yaml
INFO -  Compliance checks: training_3.1.0/closed_resnet.yaml
INFO -  Compliance checks: training_3.1.0/closed_resnet_lars.yaml
INFO - SUCCESS
INFO - Running compliance on file: /results/240429102502787382517_10.log
INFO -  Compliance checks: training_3.1.0/common.yaml
INFO -  Compliance checks: training_3.1.0/closed_common.yaml
INFO -  Compliance checks: training_3.1.0/closed_resnet.yaml
INFO -  Compliance checks: training_3.1.0/closed_resnet_lars.yaml
INFO - SUCCESS
