INFO -  Checking System Description Files
INFO -   System description checker passed for GIGABYTE G593-SD1
INFO -   System description checker passed for GIGABYTE G593-SD1
INFO -   System description checker passed for GIGABYTE G593-SD1
INFO -   System description checker passed for GIGABYTE G593-SD1
INFO - ------------------------------
INFO -  Running compliance checks in dir /data/training_v4.0/GigaComputing/results/G593-SD1_mxnet/unet3d
INFO -  System G593-SD1_mxnet
INFO -  Benchmark unet3d
INFO - ------------------------------
INFO - ------------------------------
INFO - Run 1/40
INFO - Running compliance on file: /data/training_v4.0/GigaComputing/results/G593-SD1_mxnet/unet3d/result_0.txt
INFO -  Compliance checks: training_4.0.0/common.yaml
INFO -  Compliance checks: training_4.0.0/closed_common.yaml
INFO -  Compliance checks: training_4.0.0/closed_unet3d.yaml
INFO - ------------------------------
INFO - Run 2/40
INFO - Running compliance on file: /data/training_v4.0/GigaComputing/results/G593-SD1_mxnet/unet3d/result_1.txt
INFO -  Compliance checks: training_4.0.0/common.yaml
INFO -  Compliance checks: training_4.0.0/closed_common.yaml
INFO -  Compliance checks: training_4.0.0/closed_unet3d.yaml
INFO - ------------------------------
INFO - Run 3/40
INFO - Running compliance on file: /data/training_v4.0/GigaComputing/results/G593-SD1_mxnet/unet3d/result_10.txt
INFO -  Compliance checks: training_4.0.0/common.yaml
INFO -  Compliance checks: training_4.0.0/closed_common.yaml
INFO -  Compliance checks: training_4.0.0/closed_unet3d.yaml
INFO - ------------------------------
INFO - Run 4/40
INFO - Running compliance on file: /data/training_v4.0/GigaComputing/results/G593-SD1_mxnet/unet3d/result_11.txt
INFO -  Compliance checks: training_4.0.0/common.yaml
INFO -  Compliance checks: training_4.0.0/closed_common.yaml
INFO -  Compliance checks: training_4.0.0/closed_unet3d.yaml
INFO - ------------------------------
INFO - Run 5/40
INFO - Running compliance on file: /data/training_v4.0/GigaComputing/results/G593-SD1_mxnet/unet3d/result_12.txt
INFO -  Compliance checks: training_4.0.0/common.yaml
INFO -  Compliance checks: training_4.0.0/closed_common.yaml
INFO -  Compliance checks: training_4.0.0/closed_unet3d.yaml
INFO - ------------------------------
INFO - Run 6/40
INFO - Running compliance on file: /data/training_v4.0/GigaComputing/results/G593-SD1_mxnet/unet3d/result_13.txt
INFO -  Compliance checks: training_4.0.0/common.yaml
INFO -  Compliance checks: training_4.0.0/closed_common.yaml
INFO -  Compliance checks: training_4.0.0/closed_unet3d.yaml
INFO - ------------------------------
INFO - Run 7/40
INFO - Running compliance on file: /data/training_v4.0/GigaComputing/results/G593-SD1_mxnet/unet3d/result_14.txt
INFO -  Compliance checks: training_4.0.0/common.yaml
INFO -  Compliance checks: training_4.0.0/closed_common.yaml
INFO -  Compliance checks: training_4.0.0/closed_unet3d.yaml
INFO - ------------------------------
INFO - Run 8/40
INFO - Running compliance on file: /data/training_v4.0/GigaComputing/results/G593-SD1_mxnet/unet3d/result_15.txt
INFO -  Compliance checks: training_4.0.0/common.yaml
INFO -  Compliance checks: training_4.0.0/closed_common.yaml
INFO -  Compliance checks: training_4.0.0/closed_unet3d.yaml
INFO - ------------------------------
INFO - Run 9/40
INFO - Running compliance on file: /data/training_v4.0/GigaComputing/results/G593-SD1_mxnet/unet3d/result_16.txt
INFO -  Compliance checks: training_4.0.0/common.yaml
INFO -  Compliance checks: training_4.0.0/closed_common.yaml
INFO -  Compliance checks: training_4.0.0/closed_unet3d.yaml
INFO - ------------------------------
INFO - Run 10/40
INFO - Running compliance on file: /data/training_v4.0/GigaComputing/results/G593-SD1_mxnet/unet3d/result_17.txt
INFO -  Compliance checks: training_4.0.0/common.yaml
INFO -  Compliance checks: training_4.0.0/closed_common.yaml
INFO -  Compliance checks: training_4.0.0/closed_unet3d.yaml
INFO - ------------------------------
INFO - Run 11/40
INFO - Running compliance on file: /data/training_v4.0/GigaComputing/results/G593-SD1_mxnet/unet3d/result_18.txt
INFO -  Compliance checks: training_4.0.0/common.yaml
INFO -  Compliance checks: training_4.0.0/closed_common.yaml
INFO -  Compliance checks: training_4.0.0/closed_unet3d.yaml
INFO - ------------------------------
INFO - Run 12/40
INFO - Running compliance on file: /data/training_v4.0/GigaComputing/results/G593-SD1_mxnet/unet3d/result_19.txt
INFO -  Compliance checks: training_4.0.0/common.yaml
INFO -  Compliance checks: training_4.0.0/closed_common.yaml
INFO -  Compliance checks: training_4.0.0/closed_unet3d.yaml
INFO - ------------------------------
INFO - Run 13/40
INFO - Running compliance on file: /data/training_v4.0/GigaComputing/results/G593-SD1_mxnet/unet3d/result_2.txt
INFO -  Compliance checks: training_4.0.0/common.yaml
INFO -  Compliance checks: training_4.0.0/closed_common.yaml
INFO -  Compliance checks: training_4.0.0/closed_unet3d.yaml
INFO - ------------------------------
INFO - Run 14/40
INFO - Running compliance on file: /data/training_v4.0/GigaComputing/results/G593-SD1_mxnet/unet3d/result_20.txt
INFO -  Compliance checks: training_4.0.0/common.yaml
INFO -  Compliance checks: training_4.0.0/closed_common.yaml
INFO -  Compliance checks: training_4.0.0/closed_unet3d.yaml
INFO - ------------------------------
INFO - Run 15/40
INFO - Running compliance on file: /data/training_v4.0/GigaComputing/results/G593-SD1_mxnet/unet3d/result_21.txt
INFO -  Compliance checks: training_4.0.0/common.yaml
INFO -  Compliance checks: training_4.0.0/closed_common.yaml
INFO -  Compliance checks: training_4.0.0/closed_unet3d.yaml
INFO - ------------------------------
INFO - Run 16/40
INFO - Running compliance on file: /data/training_v4.0/GigaComputing/results/G593-SD1_mxnet/unet3d/result_22.txt
INFO -  Compliance checks: training_4.0.0/common.yaml
INFO -  Compliance checks: training_4.0.0/closed_common.yaml
INFO -  Compliance checks: training_4.0.0/closed_unet3d.yaml
INFO - ------------------------------
INFO - Run 17/40
INFO - Running compliance on file: /data/training_v4.0/GigaComputing/results/G593-SD1_mxnet/unet3d/result_23.txt
INFO -  Compliance checks: training_4.0.0/common.yaml
INFO -  Compliance checks: training_4.0.0/closed_common.yaml
INFO -  Compliance checks: training_4.0.0/closed_unet3d.yaml
INFO - ------------------------------
INFO - Run 18/40
INFO - Running compliance on file: /data/training_v4.0/GigaComputing/results/G593-SD1_mxnet/unet3d/result_24.txt
INFO -  Compliance checks: training_4.0.0/common.yaml
INFO -  Compliance checks: training_4.0.0/closed_common.yaml
INFO -  Compliance checks: training_4.0.0/closed_unet3d.yaml
INFO - ------------------------------
INFO - Run 19/40
INFO - Running compliance on file: /data/training_v4.0/GigaComputing/results/G593-SD1_mxnet/unet3d/result_25.txt
INFO -  Compliance checks: training_4.0.0/common.yaml
INFO -  Compliance checks: training_4.0.0/closed_common.yaml
INFO -  Compliance checks: training_4.0.0/closed_unet3d.yaml
INFO - ------------------------------
INFO - Run 20/40
INFO - Running compliance on file: /data/training_v4.0/GigaComputing/results/G593-SD1_mxnet/unet3d/result_26.txt
INFO -  Compliance checks: training_4.0.0/common.yaml
INFO -  Compliance checks: training_4.0.0/closed_common.yaml
INFO -  Compliance checks: training_4.0.0/closed_unet3d.yaml
INFO - ------------------------------
INFO - Run 21/40
INFO - Running compliance on file: /data/training_v4.0/GigaComputing/results/G593-SD1_mxnet/unet3d/result_27.txt
INFO -  Compliance checks: training_4.0.0/common.yaml
INFO -  Compliance checks: training_4.0.0/closed_common.yaml
INFO -  Compliance checks: training_4.0.0/closed_unet3d.yaml
INFO - ------------------------------
INFO - Run 22/40
INFO - Running compliance on file: /data/training_v4.0/GigaComputing/results/G593-SD1_mxnet/unet3d/result_28.txt
INFO -  Compliance checks: training_4.0.0/common.yaml
INFO -  Compliance checks: training_4.0.0/closed_common.yaml
INFO -  Compliance checks: training_4.0.0/closed_unet3d.yaml
INFO - ------------------------------
INFO - Run 23/40
INFO - Running compliance on file: /data/training_v4.0/GigaComputing/results/G593-SD1_mxnet/unet3d/result_29.txt
INFO -  Compliance checks: training_4.0.0/common.yaml
INFO -  Compliance checks: training_4.0.0/closed_common.yaml
INFO -  Compliance checks: training_4.0.0/closed_unet3d.yaml
INFO - ------------------------------
INFO - Run 24/40
INFO - Running compliance on file: /data/training_v4.0/GigaComputing/results/G593-SD1_mxnet/unet3d/result_3.txt
INFO -  Compliance checks: training_4.0.0/common.yaml
INFO -  Compliance checks: training_4.0.0/closed_common.yaml
INFO -  Compliance checks: training_4.0.0/closed_unet3d.yaml
INFO - ------------------------------
INFO - Run 25/40
INFO - Running compliance on file: /data/training_v4.0/GigaComputing/results/G593-SD1_mxnet/unet3d/result_30.txt
INFO -  Compliance checks: training_4.0.0/common.yaml
INFO -  Compliance checks: training_4.0.0/closed_common.yaml
INFO -  Compliance checks: training_4.0.0/closed_unet3d.yaml
INFO - ------------------------------
INFO - Run 26/40
INFO - Running compliance on file: /data/training_v4.0/GigaComputing/results/G593-SD1_mxnet/unet3d/result_31.txt
INFO -  Compliance checks: training_4.0.0/common.yaml
INFO -  Compliance checks: training_4.0.0/closed_common.yaml
INFO -  Compliance checks: training_4.0.0/closed_unet3d.yaml
INFO - ------------------------------
INFO - Run 27/40
INFO - Running compliance on file: /data/training_v4.0/GigaComputing/results/G593-SD1_mxnet/unet3d/result_32.txt
INFO -  Compliance checks: training_4.0.0/common.yaml
INFO -  Compliance checks: training_4.0.0/closed_common.yaml
INFO -  Compliance checks: training_4.0.0/closed_unet3d.yaml
INFO - ------------------------------
INFO - Run 28/40
INFO - Running compliance on file: /data/training_v4.0/GigaComputing/results/G593-SD1_mxnet/unet3d/result_33.txt
INFO -  Compliance checks: training_4.0.0/common.yaml
INFO -  Compliance checks: training_4.0.0/closed_common.yaml
INFO -  Compliance checks: training_4.0.0/closed_unet3d.yaml
INFO - ------------------------------
INFO - Run 29/40
INFO - Running compliance on file: /data/training_v4.0/GigaComputing/results/G593-SD1_mxnet/unet3d/result_34.txt
INFO -  Compliance checks: training_4.0.0/common.yaml
INFO -  Compliance checks: training_4.0.0/closed_common.yaml
INFO -  Compliance checks: training_4.0.0/closed_unet3d.yaml
INFO - ------------------------------
INFO - Run 30/40
INFO - Running compliance on file: /data/training_v4.0/GigaComputing/results/G593-SD1_mxnet/unet3d/result_35.txt
INFO -  Compliance checks: training_4.0.0/common.yaml
INFO -  Compliance checks: training_4.0.0/closed_common.yaml
INFO -  Compliance checks: training_4.0.0/closed_unet3d.yaml
INFO - ------------------------------
INFO - Run 31/40
INFO - Running compliance on file: /data/training_v4.0/GigaComputing/results/G593-SD1_mxnet/unet3d/result_36.txt
INFO -  Compliance checks: training_4.0.0/common.yaml
INFO -  Compliance checks: training_4.0.0/closed_common.yaml
INFO -  Compliance checks: training_4.0.0/closed_unet3d.yaml
INFO - ------------------------------
INFO - Run 32/40
INFO - Running compliance on file: /data/training_v4.0/GigaComputing/results/G593-SD1_mxnet/unet3d/result_37.txt
INFO -  Compliance checks: training_4.0.0/common.yaml
INFO -  Compliance checks: training_4.0.0/closed_common.yaml
INFO -  Compliance checks: training_4.0.0/closed_unet3d.yaml
INFO - ------------------------------
INFO - Run 33/40
INFO - Running compliance on file: /data/training_v4.0/GigaComputing/results/G593-SD1_mxnet/unet3d/result_38.txt
INFO -  Compliance checks: training_4.0.0/common.yaml
INFO -  Compliance checks: training_4.0.0/closed_common.yaml
INFO -  Compliance checks: training_4.0.0/closed_unet3d.yaml
INFO - ------------------------------
INFO - Run 34/40
INFO - Running compliance on file: /data/training_v4.0/GigaComputing/results/G593-SD1_mxnet/unet3d/result_39.txt
INFO -  Compliance checks: training_4.0.0/common.yaml
INFO -  Compliance checks: training_4.0.0/closed_common.yaml
INFO -  Compliance checks: training_4.0.0/closed_unet3d.yaml
INFO - ------------------------------
INFO - Run 35/40
INFO - Running compliance on file: /data/training_v4.0/GigaComputing/results/G593-SD1_mxnet/unet3d/result_4.txt
INFO -  Compliance checks: training_4.0.0/common.yaml
INFO -  Compliance checks: training_4.0.0/closed_common.yaml
INFO -  Compliance checks: training_4.0.0/closed_unet3d.yaml
INFO - ------------------------------
INFO - Run 36/40
INFO - Running compliance on file: /data/training_v4.0/GigaComputing/results/G593-SD1_mxnet/unet3d/result_5.txt
INFO -  Compliance checks: training_4.0.0/common.yaml
INFO -  Compliance checks: training_4.0.0/closed_common.yaml
INFO -  Compliance checks: training_4.0.0/closed_unet3d.yaml
INFO - ------------------------------
INFO - Run 37/40
INFO - Running compliance on file: /data/training_v4.0/GigaComputing/results/G593-SD1_mxnet/unet3d/result_6.txt
INFO -  Compliance checks: training_4.0.0/common.yaml
INFO -  Compliance checks: training_4.0.0/closed_common.yaml
INFO -  Compliance checks: training_4.0.0/closed_unet3d.yaml
INFO - ------------------------------
INFO - Run 38/40
INFO - Running compliance on file: /data/training_v4.0/GigaComputing/results/G593-SD1_mxnet/unet3d/result_7.txt
INFO -  Compliance checks: training_4.0.0/common.yaml
INFO -  Compliance checks: training_4.0.0/closed_common.yaml
INFO -  Compliance checks: training_4.0.0/closed_unet3d.yaml
INFO - ------------------------------
INFO - Run 39/40
INFO - Running compliance on file: /data/training_v4.0/GigaComputing/results/G593-SD1_mxnet/unet3d/result_8.txt
INFO -  Compliance checks: training_4.0.0/common.yaml
INFO -  Compliance checks: training_4.0.0/closed_common.yaml
INFO -  Compliance checks: training_4.0.0/closed_unet3d.yaml
INFO - ------------------------------
INFO - Run 40/40
INFO - Running compliance on file: /data/training_v4.0/GigaComputing/results/G593-SD1_mxnet/unet3d/result_9.txt
INFO -  Compliance checks: training_4.0.0/common.yaml
INFO -  Compliance checks: training_4.0.0/closed_common.yaml
INFO -  Compliance checks: training_4.0.0/closed_unet3d.yaml
INFO - ------------------------------
INFO -  Running Seed Checker
INFO - ------------------------------
INFO -  Running RCP Checker, pass: pruned_rcps
INFO - ------------------------------
INFO -  RCP Record: {'Benchmark': 'unet3d', 'BS': 56, 'Hyperparams': {'opt_base_learning_rate': 2.0, 'opt_momentum': 0.9, 'opt_learning_rate_warmup_epochs': 168000, 'opt_initial_learning_rate': 0.0001, 'opt_learning_rate_decay_boundary_epochs': [], 'opt_learning_rate_decay_factor': 1.0, 'opt_weight_decay': 0.0}, 'Epochs to converge': [188160, 201600, 215040, 225120, 235200, 235200, 241920, 248640, 248640, 252000, 252000, 255360, 255360, 255360, 255360, 258720, 262080, 262080, 262080, 265440, 268800, 268800, 272160, 272160, 272160, 272160, 272160, 272160, 278880, 278880, 282240, 282240, 285600, 285600, 288960, 292320, 292320, 292320, 292320, 295680, 295680, 295680, 295680, 295680, 295680, 299040, 299040, 302400, 302400, 302400, 302400, 302400, 305760, 305760, 309120, 309120, 312480, 315840, 315840, 319200, 319200, 319200, 319200, 322560, 322560, 322560, 325920, 325920, 325920, 329280, 329280, 329280, 329280, 329280, 329280, 332640, 332640, 332640, 332640, 336000, 336000, 339360, 339360, 339360, 339360, 339360, 342720, 346080, 346080, 346080, 349440, 349440, 349440, 349440, 349440, 352800, 352800, 352800, 356160, 356160, 356160, 356160, 356160, 356160, 359520, 359520, 359520, 359520, 362880, 362880, 362880, 366240, 366240, 366240, 366240, 366240, 366240, 366240, 369600, 369600, 369600, 369600, 372960, 372960, 372960, 372960, 376320, 376320, 376320, 376320, 376320, 379680, 379680, 383040, 383040, 386400, 389760, 389760, 389760, 389760, 389760, 389760, 393120, 393120, 393120, 393120, 393120, 393120, 396480, 396480, 399840, 399840, 399840, 403200, 403200, 403200, 406560, 409920, 409920, 413280, 413280, 416640, 416640, 420000, 420000, 430080, 430080, 430080, 433440, 433440, 436800, 440160, 453600, 453600, 456960, 460320, 463680, 467040, 467040, 470400, 477120, 480480, 483840, 487200, 493920, 504000, 514080, 520800, 527520, 544320, 544320, 554400, 564480, 581280, 601440, 618240, 635040], 'RCP Mean': 357404.44444444444, 'RCP Stdev': 69054.4453651708, 'Max Speedup': 1.0601459916687128, 'Min Epochs': 337127.57229018555}
INFO -  Submission mean epochs: 337365.0000
INFO -  Submission mean epochs faster than RCP mean but within max speedup range. Score should be normalized by factor of 357404.44444444444 / 337365.0 = 1.0593998916439002
INFO -  Results scaling set to normalization factor of 1.0594
INFO - RCP Test Passed: RCP found
INFO - ------------------------------
INFO - ------------------------------
INFO -  Running compliance checks in dir /data/training_v4.0/GigaComputing/results/G593-SD1_mxnet/resnet
INFO -  System G593-SD1_mxnet
INFO -  Benchmark resnet
INFO - ------------------------------
INFO - ------------------------------
INFO - Run 1/5
INFO - Running compliance on file: /data/training_v4.0/GigaComputing/results/G593-SD1_mxnet/resnet/result_0.txt
INFO -  Compliance checks: training_4.0.0/common.yaml
INFO -  Compliance checks: training_4.0.0/closed_common.yaml
INFO -  Compliance checks: training_4.0.0/closed_resnet.yaml
INFO -  Compliance checks: training_3.1.0/closed_resnet_lars.yaml
INFO - ------------------------------
INFO - Run 2/5
INFO - Running compliance on file: /data/training_v4.0/GigaComputing/results/G593-SD1_mxnet/resnet/result_1.txt
INFO -  Compliance checks: training_4.0.0/common.yaml
INFO -  Compliance checks: training_4.0.0/closed_common.yaml
INFO -  Compliance checks: training_4.0.0/closed_resnet.yaml
INFO -  Compliance checks: training_3.1.0/closed_resnet_lars.yaml
INFO - ------------------------------
INFO - Run 3/5
INFO - Running compliance on file: /data/training_v4.0/GigaComputing/results/G593-SD1_mxnet/resnet/result_2.txt
INFO -  Compliance checks: training_4.0.0/common.yaml
INFO -  Compliance checks: training_4.0.0/closed_common.yaml
INFO -  Compliance checks: training_4.0.0/closed_resnet.yaml
INFO -  Compliance checks: training_3.1.0/closed_resnet_lars.yaml
INFO - ------------------------------
INFO - Run 4/5
INFO - Running compliance on file: /data/training_v4.0/GigaComputing/results/G593-SD1_mxnet/resnet/result_3.txt
INFO -  Compliance checks: training_4.0.0/common.yaml
INFO -  Compliance checks: training_4.0.0/closed_common.yaml
INFO -  Compliance checks: training_4.0.0/closed_resnet.yaml
INFO -  Compliance checks: training_3.1.0/closed_resnet_lars.yaml
INFO - ------------------------------
INFO - Run 5/5
INFO - Running compliance on file: /data/training_v4.0/GigaComputing/results/G593-SD1_mxnet/resnet/result_4.txt
INFO -  Compliance checks: training_4.0.0/common.yaml
INFO -  Compliance checks: training_4.0.0/closed_common.yaml
INFO -  Compliance checks: training_4.0.0/closed_resnet.yaml
INFO -  Compliance checks: training_3.1.0/closed_resnet_lars.yaml
INFO - ------------------------------
INFO -  Running Seed Checker
INFO - ------------------------------
INFO -  Running RCP Checker, pass: pruned_rcps
INFO - ------------------------------
INFO -  RCP Record: {'Benchmark': 'resnet', 'BS': 3200, 'Hyperparams': {}, 'Epochs to converge': [], 'RCP Mean': 35.14781297134238, 'RCP Stdev': 0.5471147288831038, 'Max Speedup': 1.018748075108887, 'Min Epochs': 34.50098589642554}
INFO -  Submission mean epochs: 35.0000
INFO -  Submission mean epochs faster than RCP mean but within max speedup range. Score should be normalized by factor of 35.14781297134238 / 35.0 = 1.0042232277526395
INFO -  Results scaling set to normalization factor of 1.0042
INFO - RCP Test Passed: RCP Interpolation
INFO - ------------------------------
INFO - ------------------------------
INFO -  Running compliance checks in dir /data/training_v4.0/GigaComputing/results/G593-SD1_dgl/gnn
INFO -  System G593-SD1_dgl
INFO -  Benchmark gnn
INFO - ------------------------------
INFO - ------------------------------
INFO - Run 1/10
INFO - Running compliance on file: /data/training_v4.0/GigaComputing/results/G593-SD1_dgl/gnn/result_0.txt
INFO -  Compliance checks: training_4.0.0/common.yaml
INFO -  Compliance checks: training_4.0.0/closed_common.yaml
INFO -  Compliance checks: training_4.0.0/closed_gnn.yaml
INFO - ------------------------------
INFO - Run 2/10
INFO - Running compliance on file: /data/training_v4.0/GigaComputing/results/G593-SD1_dgl/gnn/result_1.txt
INFO -  Compliance checks: training_4.0.0/common.yaml
INFO -  Compliance checks: training_4.0.0/closed_common.yaml
INFO -  Compliance checks: training_4.0.0/closed_gnn.yaml
INFO - ------------------------------
INFO - Run 3/10
INFO - Running compliance on file: /data/training_v4.0/GigaComputing/results/G593-SD1_dgl/gnn/result_2.txt
INFO -  Compliance checks: training_4.0.0/common.yaml
INFO -  Compliance checks: training_4.0.0/closed_common.yaml
INFO -  Compliance checks: training_4.0.0/closed_gnn.yaml
INFO - ------------------------------
INFO - Run 4/10
INFO - Running compliance on file: /data/training_v4.0/GigaComputing/results/G593-SD1_dgl/gnn/result_3.txt
INFO -  Compliance checks: training_4.0.0/common.yaml
INFO -  Compliance checks: training_4.0.0/closed_common.yaml
INFO -  Compliance checks: training_4.0.0/closed_gnn.yaml
INFO - ------------------------------
INFO - Run 5/10
INFO - Running compliance on file: /data/training_v4.0/GigaComputing/results/G593-SD1_dgl/gnn/result_4.txt
INFO -  Compliance checks: training_4.0.0/common.yaml
INFO -  Compliance checks: training_4.0.0/closed_common.yaml
INFO -  Compliance checks: training_4.0.0/closed_gnn.yaml
INFO - ------------------------------
INFO - Run 6/10
INFO - Running compliance on file: /data/training_v4.0/GigaComputing/results/G593-SD1_dgl/gnn/result_5.txt
INFO -  Compliance checks: training_4.0.0/common.yaml
INFO -  Compliance checks: training_4.0.0/closed_common.yaml
INFO -  Compliance checks: training_4.0.0/closed_gnn.yaml
INFO - ------------------------------
INFO - Run 7/10
INFO - Running compliance on file: /data/training_v4.0/GigaComputing/results/G593-SD1_dgl/gnn/result_6.txt
INFO -  Compliance checks: training_4.0.0/common.yaml
INFO -  Compliance checks: training_4.0.0/closed_common.yaml
INFO -  Compliance checks: training_4.0.0/closed_gnn.yaml
INFO - ------------------------------
INFO - Run 8/10
INFO - Running compliance on file: /data/training_v4.0/GigaComputing/results/G593-SD1_dgl/gnn/result_7.txt
INFO -  Compliance checks: training_4.0.0/common.yaml
INFO -  Compliance checks: training_4.0.0/closed_common.yaml
INFO -  Compliance checks: training_4.0.0/closed_gnn.yaml
INFO - ------------------------------
INFO - Run 9/10
INFO - Running compliance on file: /data/training_v4.0/GigaComputing/results/G593-SD1_dgl/gnn/result_8.txt
INFO -  Compliance checks: training_4.0.0/common.yaml
INFO -  Compliance checks: training_4.0.0/closed_common.yaml
INFO -  Compliance checks: training_4.0.0/closed_gnn.yaml
INFO - ------------------------------
INFO - Run 10/10
INFO - Running compliance on file: /data/training_v4.0/GigaComputing/results/G593-SD1_dgl/gnn/result_9.txt
INFO -  Compliance checks: training_4.0.0/common.yaml
INFO -  Compliance checks: training_4.0.0/closed_common.yaml
INFO -  Compliance checks: training_4.0.0/closed_gnn.yaml
INFO - ------------------------------
INFO -  Running Seed Checker
INFO - ------------------------------
INFO -  Running RCP Checker, pass: pruned_rcps
INFO - ------------------------------
INFO -  RCP Record: {'Benchmark': 'gnn', 'BS': 16384, 'Hyperparams': {}, 'Epochs to converge': [], 'RCP Mean': 0.8531746031746031, 'RCP Stdev': 0.03142696805273544, 'Max Speedup': 1.026984674209421, 'Min Epochs': 0.8307568989102803}
INFO -  Submission mean epochs: 0.8500
INFO -  Submission mean epochs faster than RCP mean but within max speedup range. Score should be normalized by factor of 0.8531746031746031 / 0.85 = 1.003734827264239
INFO -  Results scaling set to normalization factor of 1.0037
INFO - RCP Test Passed: RCP Interpolation
INFO - ------------------------------
INFO - ------------------------------
INFO -  Running compliance checks in dir /data/training_v4.0/GigaComputing/results/G593-SD1_pytorch/bert
INFO -  System G593-SD1_pytorch
INFO -  Benchmark bert
INFO - ------------------------------
INFO - ------------------------------
INFO - Run 1/10
INFO - Running compliance on file: /data/training_v4.0/GigaComputing/results/G593-SD1_pytorch/bert/result_0.txt
INFO -  Compliance checks: training_4.0.0/common.yaml
INFO -  Compliance checks: training_4.0.0/closed_common.yaml
INFO -  Compliance checks: training_4.0.0/closed_bert.yaml
INFO - ------------------------------
INFO - Run 2/10
INFO - Running compliance on file: /data/training_v4.0/GigaComputing/results/G593-SD1_pytorch/bert/result_1.txt
INFO -  Compliance checks: training_4.0.0/common.yaml
INFO -  Compliance checks: training_4.0.0/closed_common.yaml
INFO -  Compliance checks: training_4.0.0/closed_bert.yaml
INFO - ------------------------------
INFO - Run 3/10
INFO - Running compliance on file: /data/training_v4.0/GigaComputing/results/G593-SD1_pytorch/bert/result_2.txt
INFO -  Compliance checks: training_4.0.0/common.yaml
INFO -  Compliance checks: training_4.0.0/closed_common.yaml
INFO -  Compliance checks: training_4.0.0/closed_bert.yaml
INFO - ------------------------------
INFO - Run 4/10
INFO - Running compliance on file: /data/training_v4.0/GigaComputing/results/G593-SD1_pytorch/bert/result_3.txt
INFO -  Compliance checks: training_4.0.0/common.yaml
INFO -  Compliance checks: training_4.0.0/closed_common.yaml
INFO -  Compliance checks: training_4.0.0/closed_bert.yaml
INFO - ------------------------------
INFO - Run 5/10
INFO - Running compliance on file: /data/training_v4.0/GigaComputing/results/G593-SD1_pytorch/bert/result_4.txt
INFO -  Compliance checks: training_4.0.0/common.yaml
INFO -  Compliance checks: training_4.0.0/closed_common.yaml
INFO -  Compliance checks: training_4.0.0/closed_bert.yaml
INFO - ------------------------------
INFO - Run 6/10
INFO - Running compliance on file: /data/training_v4.0/GigaComputing/results/G593-SD1_pytorch/bert/result_5.txt
INFO -  Compliance checks: training_4.0.0/common.yaml
INFO -  Compliance checks: training_4.0.0/closed_common.yaml
INFO -  Compliance checks: training_4.0.0/closed_bert.yaml
INFO - ------------------------------
INFO - Run 7/10
INFO - Running compliance on file: /data/training_v4.0/GigaComputing/results/G593-SD1_pytorch/bert/result_6.txt
INFO -  Compliance checks: training_4.0.0/common.yaml
INFO -  Compliance checks: training_4.0.0/closed_common.yaml
INFO -  Compliance checks: training_4.0.0/closed_bert.yaml
INFO - ------------------------------
INFO - Run 8/10
INFO - Running compliance on file: /data/training_v4.0/GigaComputing/results/G593-SD1_pytorch/bert/result_7.txt
INFO -  Compliance checks: training_4.0.0/common.yaml
INFO -  Compliance checks: training_4.0.0/closed_common.yaml
INFO -  Compliance checks: training_4.0.0/closed_bert.yaml
INFO - ------------------------------
INFO - Run 9/10
INFO - Running compliance on file: /data/training_v4.0/GigaComputing/results/G593-SD1_pytorch/bert/result_8.txt
INFO -  Compliance checks: training_4.0.0/common.yaml
INFO -  Compliance checks: training_4.0.0/closed_common.yaml
INFO -  Compliance checks: training_4.0.0/closed_bert.yaml
INFO - ------------------------------
INFO - Run 10/10
INFO - Running compliance on file: /data/training_v4.0/GigaComputing/results/G593-SD1_pytorch/bert/result_9.txt
INFO -  Compliance checks: training_4.0.0/common.yaml
INFO -  Compliance checks: training_4.0.0/closed_common.yaml
INFO -  Compliance checks: training_4.0.0/closed_bert.yaml
INFO - ------------------------------
INFO -  Running Seed Checker
INFO - ------------------------------
INFO -  Running RCP Checker, pass: pruned_rcps
INFO - ------------------------------
INFO -  RCP Record: {'Benchmark': 'bert', 'BS': 768, 'Hyperparams': {}, 'Epochs to converge': [], 'RCP Mean': 2443933.5384615385, 'RCP Stdev': 162622.07062702224, 'Max Speedup': 1.0498443316973558, 'Min Epochs': 2327900.875085226}
INFO -  Submission mean epochs: 2418096.1250
INFO -  Submission mean epochs faster than RCP mean but within max speedup range. Score should be normalized by factor of 2443933.5384615385 / 2418096.125 = 1.0106850233100384
INFO -  Results scaling set to normalization factor of 1.0107
INFO - RCP Test Passed: RCP Interpolation
INFO - ------------------------------
INFO - ------------------------------
INFO -  Running compliance checks in dir /data/training_v4.0/GigaComputing/results/G593-SD1_pytorch/llama2_70b_lora
INFO -  System G593-SD1_pytorch
INFO -  Benchmark llama2_70b_lora
INFO - ------------------------------
INFO - ------------------------------
INFO - Run 1/10
INFO - Running compliance on file: /data/training_v4.0/GigaComputing/results/G593-SD1_pytorch/llama2_70b_lora/result_0.txt
INFO -  Compliance checks: training_4.0.0/common.yaml
INFO -  Compliance checks: training_4.0.0/closed_common.yaml
INFO -  Compliance checks: training_4.0.0/closed_llama2_70b_lora.yaml
INFO - ------------------------------
INFO - Run 2/10
INFO - Running compliance on file: /data/training_v4.0/GigaComputing/results/G593-SD1_pytorch/llama2_70b_lora/result_1.txt
INFO -  Compliance checks: training_4.0.0/common.yaml
INFO -  Compliance checks: training_4.0.0/closed_common.yaml
INFO -  Compliance checks: training_4.0.0/closed_llama2_70b_lora.yaml
INFO - ------------------------------
INFO - Run 3/10
INFO - Running compliance on file: /data/training_v4.0/GigaComputing/results/G593-SD1_pytorch/llama2_70b_lora/result_2.txt
INFO -  Compliance checks: training_4.0.0/common.yaml
INFO -  Compliance checks: training_4.0.0/closed_common.yaml
INFO -  Compliance checks: training_4.0.0/closed_llama2_70b_lora.yaml
INFO - ------------------------------
INFO - Run 4/10
INFO - Running compliance on file: /data/training_v4.0/GigaComputing/results/G593-SD1_pytorch/llama2_70b_lora/result_3.txt
INFO -  Compliance checks: training_4.0.0/common.yaml
INFO -  Compliance checks: training_4.0.0/closed_common.yaml
INFO -  Compliance checks: training_4.0.0/closed_llama2_70b_lora.yaml
INFO - ------------------------------
INFO - Run 5/10
INFO - Running compliance on file: /data/training_v4.0/GigaComputing/results/G593-SD1_pytorch/llama2_70b_lora/result_4.txt
INFO -  Compliance checks: training_4.0.0/common.yaml
INFO -  Compliance checks: training_4.0.0/closed_common.yaml
INFO -  Compliance checks: training_4.0.0/closed_llama2_70b_lora.yaml
INFO - ------------------------------
INFO - Run 6/10
INFO - Running compliance on file: /data/training_v4.0/GigaComputing/results/G593-SD1_pytorch/llama2_70b_lora/result_5.txt
INFO -  Compliance checks: training_4.0.0/common.yaml
INFO -  Compliance checks: training_4.0.0/closed_common.yaml
INFO -  Compliance checks: training_4.0.0/closed_llama2_70b_lora.yaml
INFO - ------------------------------
INFO - Run 7/10
INFO - Running compliance on file: /data/training_v4.0/GigaComputing/results/G593-SD1_pytorch/llama2_70b_lora/result_6.txt
INFO -  Compliance checks: training_4.0.0/common.yaml
INFO -  Compliance checks: training_4.0.0/closed_common.yaml
INFO -  Compliance checks: training_4.0.0/closed_llama2_70b_lora.yaml
INFO - ------------------------------
INFO - Run 8/10
INFO - Running compliance on file: /data/training_v4.0/GigaComputing/results/G593-SD1_pytorch/llama2_70b_lora/result_7.txt
INFO -  Compliance checks: training_4.0.0/common.yaml
INFO -  Compliance checks: training_4.0.0/closed_common.yaml
INFO -  Compliance checks: training_4.0.0/closed_llama2_70b_lora.yaml
INFO - ------------------------------
INFO - Run 9/10
INFO - Running compliance on file: /data/training_v4.0/GigaComputing/results/G593-SD1_pytorch/llama2_70b_lora/result_8.txt
INFO -  Compliance checks: training_4.0.0/common.yaml
INFO -  Compliance checks: training_4.0.0/closed_common.yaml
INFO -  Compliance checks: training_4.0.0/closed_llama2_70b_lora.yaml
INFO - ------------------------------
INFO - Run 10/10
INFO - Running compliance on file: /data/training_v4.0/GigaComputing/results/G593-SD1_pytorch/llama2_70b_lora/result_9.txt
INFO -  Compliance checks: training_4.0.0/common.yaml
INFO -  Compliance checks: training_4.0.0/closed_common.yaml
INFO -  Compliance checks: training_4.0.0/closed_llama2_70b_lora.yaml
INFO - ------------------------------
INFO -  Running Seed Checker
INFO - ------------------------------
INFO -  Running RCP Checker, pass: pruned_rcps
INFO - ------------------------------
INFO -  RCP Record: {'Benchmark': 'llama2_70b_lora', 'BS': 8, 'Hyperparams': {'opt_base_learning_rate': 0.0004, 'opt_max_grad_norm': 0.3, 'opt_learning_rate_warmup_epochs': 0, 'opt_learning_rate_decay_boundary_epochs': [], 'gradient_accumulation_steps': 1, 'lora_r': 16, 'lora_alpha': 32, 'max_steps': 1024}, 'Epochs to converge': [2688, 2688, 2688, 3072, 3072, 3072, 3072, 3072, 3072, 3072, 3072, 3072, 3456, 3456, 3456, 3456, 3456, 3456, 3456, 3840], 'RCP Mean': 3178.6666666666665, 'RCP Stdev': 249.70026476201866, 'Max Speedup': 1.0605672204208745, 'Min Epochs': 2997.1383288701372}
INFO -  Submission mean epochs: 3216.0000
INFO - RCP Test Passed: RCP found
INFO - ------------------------------
INFO - ------------------------------
INFO -  Running compliance checks in dir /data/training_v4.0/GigaComputing/results/G593-SD1_pytorch/stable_diffusion
INFO -  System G593-SD1_pytorch
INFO -  Benchmark stable_diffusion
INFO - ------------------------------
INFO - ------------------------------
INFO - Run 1/10
INFO - Running compliance on file: /data/training_v4.0/GigaComputing/results/G593-SD1_pytorch/stable_diffusion/result_0.txt
INFO -  Compliance checks: training_4.0.0/common.yaml
INFO -  Compliance checks: training_4.0.0/closed_common.yaml
INFO -  Compliance checks: training_4.0.0/closed_stable_diffusion.yaml
INFO - ------------------------------
INFO - Run 2/10
INFO - Running compliance on file: /data/training_v4.0/GigaComputing/results/G593-SD1_pytorch/stable_diffusion/result_1.txt
INFO -  Compliance checks: training_4.0.0/common.yaml
INFO -  Compliance checks: training_4.0.0/closed_common.yaml
INFO -  Compliance checks: training_4.0.0/closed_stable_diffusion.yaml
INFO - ------------------------------
INFO - Run 3/10
INFO - Running compliance on file: /data/training_v4.0/GigaComputing/results/G593-SD1_pytorch/stable_diffusion/result_2.txt
INFO -  Compliance checks: training_4.0.0/common.yaml
INFO -  Compliance checks: training_4.0.0/closed_common.yaml
INFO -  Compliance checks: training_4.0.0/closed_stable_diffusion.yaml
INFO - ------------------------------
INFO - Run 4/10
INFO - Running compliance on file: /data/training_v4.0/GigaComputing/results/G593-SD1_pytorch/stable_diffusion/result_3.txt
INFO -  Compliance checks: training_4.0.0/common.yaml
INFO -  Compliance checks: training_4.0.0/closed_common.yaml
INFO -  Compliance checks: training_4.0.0/closed_stable_diffusion.yaml
INFO - ------------------------------
INFO - Run 5/10
INFO - Running compliance on file: /data/training_v4.0/GigaComputing/results/G593-SD1_pytorch/stable_diffusion/result_4.txt
INFO -  Compliance checks: training_4.0.0/common.yaml
INFO -  Compliance checks: training_4.0.0/closed_common.yaml
INFO -  Compliance checks: training_4.0.0/closed_stable_diffusion.yaml
INFO - ------------------------------
INFO - Run 6/10
INFO - Running compliance on file: /data/training_v4.0/GigaComputing/results/G593-SD1_pytorch/stable_diffusion/result_5.txt
INFO -  Compliance checks: training_4.0.0/common.yaml
INFO -  Compliance checks: training_4.0.0/closed_common.yaml
INFO -  Compliance checks: training_4.0.0/closed_stable_diffusion.yaml
INFO - ------------------------------
INFO - Run 7/10
INFO - Running compliance on file: /data/training_v4.0/GigaComputing/results/G593-SD1_pytorch/stable_diffusion/result_6.txt
INFO -  Compliance checks: training_4.0.0/common.yaml
INFO -  Compliance checks: training_4.0.0/closed_common.yaml
INFO -  Compliance checks: training_4.0.0/closed_stable_diffusion.yaml
INFO - ------------------------------
INFO - Run 8/10
INFO - Running compliance on file: /data/training_v4.0/GigaComputing/results/G593-SD1_pytorch/stable_diffusion/result_7.txt
INFO -  Compliance checks: training_4.0.0/common.yaml
INFO -  Compliance checks: training_4.0.0/closed_common.yaml
INFO -  Compliance checks: training_4.0.0/closed_stable_diffusion.yaml
INFO - ------------------------------
INFO - Run 9/10
INFO - Running compliance on file: /data/training_v4.0/GigaComputing/results/G593-SD1_pytorch/stable_diffusion/result_8.txt
INFO -  Compliance checks: training_4.0.0/common.yaml
INFO -  Compliance checks: training_4.0.0/closed_common.yaml
INFO -  Compliance checks: training_4.0.0/closed_stable_diffusion.yaml
INFO - ------------------------------
INFO - Run 10/10
INFO - Running compliance on file: /data/training_v4.0/GigaComputing/results/G593-SD1_pytorch/stable_diffusion/result_9.txt
INFO -  Compliance checks: training_4.0.0/common.yaml
INFO -  Compliance checks: training_4.0.0/closed_common.yaml
INFO -  Compliance checks: training_4.0.0/closed_stable_diffusion.yaml
INFO - ------------------------------
INFO -  Running Seed Checker
INFO - ------------------------------
INFO -  Running RCP Checker, pass: pruned_rcps
INFO - ------------------------------
INFO -  RCP Record: {'Benchmark': 'stable_diffusion', 'BS': 512, 'Hyperparams': {'opt_adamw_beta_1': 0.9, 'opt_adamw_beta_2': 0.999, 'opt_adamw_epsilon': 1e-08, 'opt_adamw_weight_decay': 0.01, 'opt_base_learning_rate': 1.25e-07, 'opt_learning_rate_warmup_steps': 1000}, 'Epochs to converge': [2560000, 2560000, 2560000, 2560000, 2560000, 2560000, 2560000, 2560000, 2560000, 2560000, 2560000, 2560000, 2560000, 3072000], 'RCP Mean': 2560000.0, 'RCP Stdev': 0.0, 'Max Speedup': 1.0, 'Min Epochs': 2560000.0}
INFO -  Submission mean epochs: 2624000.0000
INFO - RCP Test Passed: RCP found
INFO - ------------------------------
INFO - ------------------------------
INFO -  Running compliance checks in dir /data/training_v4.0/GigaComputing/results/G593-SD1_pytorch/ssd
INFO -  System G593-SD1_pytorch
INFO -  Benchmark ssd
INFO - ------------------------------
INFO - ------------------------------
INFO - Run 1/5
INFO - Running compliance on file: /data/training_v4.0/GigaComputing/results/G593-SD1_pytorch/ssd/result_0.txt
INFO -  Compliance checks: training_4.0.0/common.yaml
INFO -  Compliance checks: training_4.0.0/closed_common.yaml
INFO -  Compliance checks: training_4.0.0/closed_ssd.yaml
INFO - ------------------------------
INFO - Run 2/5
INFO - Running compliance on file: /data/training_v4.0/GigaComputing/results/G593-SD1_pytorch/ssd/result_1.txt
INFO -  Compliance checks: training_4.0.0/common.yaml
INFO -  Compliance checks: training_4.0.0/closed_common.yaml
INFO -  Compliance checks: training_4.0.0/closed_ssd.yaml
INFO - ------------------------------
INFO - Run 3/5
INFO - Running compliance on file: /data/training_v4.0/GigaComputing/results/G593-SD1_pytorch/ssd/result_2.txt
INFO -  Compliance checks: training_4.0.0/common.yaml
INFO -  Compliance checks: training_4.0.0/closed_common.yaml
INFO -  Compliance checks: training_4.0.0/closed_ssd.yaml
INFO - ------------------------------
INFO - Run 4/5
INFO - Running compliance on file: /data/training_v4.0/GigaComputing/results/G593-SD1_pytorch/ssd/result_3.txt
INFO -  Compliance checks: training_4.0.0/common.yaml
INFO -  Compliance checks: training_4.0.0/closed_common.yaml
INFO -  Compliance checks: training_4.0.0/closed_ssd.yaml
INFO - ------------------------------
INFO - Run 5/5
INFO - Running compliance on file: /data/training_v4.0/GigaComputing/results/G593-SD1_pytorch/ssd/result_4.txt
INFO -  Compliance checks: training_4.0.0/common.yaml
INFO -  Compliance checks: training_4.0.0/closed_common.yaml
INFO -  Compliance checks: training_4.0.0/closed_ssd.yaml
INFO - ------------------------------
INFO -  Running Seed Checker
INFO - ------------------------------
INFO -  Running RCP Checker, pass: pruned_rcps
INFO - ------------------------------
INFO -  RCP Record: {'Benchmark': 'ssd', 'BS': 320, 'Hyperparams': {'opt_base_learning_rate': 0.0001, 'opt_learning_rate_warmup_factor': 0.001, 'opt_learning_rate_warmup_epochs': 1, 'opt_weight_decay': 0}, 'Epochs to converge': [4, 4, 4, 4, 4, 4, 4, 4, 4, 4, 4, 4, 4, 4, 4, 4, 4, 5, 5, 5], 'RCP Mean': 4.111111111111111, 'RCP Stdev': 0.31426968052735443, 'Max Speedup': 1.0898417687312398, 'Min Epochs': 3.772209167480468}
INFO -  Submission mean epochs: 4.0000
INFO -  Submission mean epochs faster than RCP mean but within max speedup range. Score should be normalized by factor of 4.111111111111111 / 4.0 = 1.0277777777777777
INFO -  Results scaling set to normalization factor of 1.0278
INFO - RCP Test Passed: RCP not found but slower convergence on smaller batch size
INFO - ------------------------------
INFO - ------------------------------
INFO -  Running compliance checks in dir /data/training_v4.0/GigaComputing/results/G593-SD1_hugectr/dlrm_dcnv2
INFO -  System G593-SD1_hugectr
INFO -  Benchmark dlrm_dcnv2
INFO - ------------------------------
INFO - ------------------------------
INFO - Run 1/10
INFO - Running compliance on file: /data/training_v4.0/GigaComputing/results/G593-SD1_hugectr/dlrm_dcnv2/result_0.txt
INFO -  Compliance checks: training_4.0.0/common.yaml
INFO -  Compliance checks: training_4.0.0/closed_common.yaml
INFO -  Compliance checks: training_4.0.0/closed_dlrm_dcnv2.yaml
INFO - ------------------------------
INFO - Run 2/10
INFO - Running compliance on file: /data/training_v4.0/GigaComputing/results/G593-SD1_hugectr/dlrm_dcnv2/result_1.txt
INFO -  Compliance checks: training_4.0.0/common.yaml
INFO -  Compliance checks: training_4.0.0/closed_common.yaml
INFO -  Compliance checks: training_4.0.0/closed_dlrm_dcnv2.yaml
INFO - ------------------------------
INFO - Run 3/10
INFO - Running compliance on file: /data/training_v4.0/GigaComputing/results/G593-SD1_hugectr/dlrm_dcnv2/result_2.txt
INFO -  Compliance checks: training_4.0.0/common.yaml
INFO -  Compliance checks: training_4.0.0/closed_common.yaml
INFO -  Compliance checks: training_4.0.0/closed_dlrm_dcnv2.yaml
INFO - ------------------------------
INFO - Run 4/10
INFO - Running compliance on file: /data/training_v4.0/GigaComputing/results/G593-SD1_hugectr/dlrm_dcnv2/result_3.txt
INFO -  Compliance checks: training_4.0.0/common.yaml
INFO -  Compliance checks: training_4.0.0/closed_common.yaml
INFO -  Compliance checks: training_4.0.0/closed_dlrm_dcnv2.yaml
INFO - ------------------------------
INFO - Run 5/10
INFO - Running compliance on file: /data/training_v4.0/GigaComputing/results/G593-SD1_hugectr/dlrm_dcnv2/result_4.txt
INFO -  Compliance checks: training_4.0.0/common.yaml
INFO -  Compliance checks: training_4.0.0/closed_common.yaml
INFO -  Compliance checks: training_4.0.0/closed_dlrm_dcnv2.yaml
INFO - ------------------------------
INFO - Run 6/10
INFO - Running compliance on file: /data/training_v4.0/GigaComputing/results/G593-SD1_hugectr/dlrm_dcnv2/result_5.txt
INFO -  Compliance checks: training_4.0.0/common.yaml
INFO -  Compliance checks: training_4.0.0/closed_common.yaml
INFO -  Compliance checks: training_4.0.0/closed_dlrm_dcnv2.yaml
INFO - ------------------------------
INFO - Run 7/10
INFO - Running compliance on file: /data/training_v4.0/GigaComputing/results/G593-SD1_hugectr/dlrm_dcnv2/result_6.txt
INFO -  Compliance checks: training_4.0.0/common.yaml
INFO -  Compliance checks: training_4.0.0/closed_common.yaml
INFO -  Compliance checks: training_4.0.0/closed_dlrm_dcnv2.yaml
INFO - ------------------------------
INFO - Run 8/10
INFO - Running compliance on file: /data/training_v4.0/GigaComputing/results/G593-SD1_hugectr/dlrm_dcnv2/result_7.txt
INFO -  Compliance checks: training_4.0.0/common.yaml
INFO -  Compliance checks: training_4.0.0/closed_common.yaml
INFO -  Compliance checks: training_4.0.0/closed_dlrm_dcnv2.yaml
INFO - ------------------------------
INFO - Run 9/10
INFO - Running compliance on file: /data/training_v4.0/GigaComputing/results/G593-SD1_hugectr/dlrm_dcnv2/result_8.txt
INFO -  Compliance checks: training_4.0.0/common.yaml
INFO -  Compliance checks: training_4.0.0/closed_common.yaml
INFO -  Compliance checks: training_4.0.0/closed_dlrm_dcnv2.yaml
INFO - ------------------------------
INFO - Run 10/10
INFO - Running compliance on file: /data/training_v4.0/GigaComputing/results/G593-SD1_hugectr/dlrm_dcnv2/result_9.txt
INFO -  Compliance checks: training_4.0.0/common.yaml
INFO -  Compliance checks: training_4.0.0/closed_common.yaml
INFO -  Compliance checks: training_4.0.0/closed_dlrm_dcnv2.yaml
INFO - ------------------------------
INFO -  Running Seed Checker
INFO - ------------------------------
INFO -  Running RCP Checker, pass: pruned_rcps
INFO - ------------------------------
INFO -  RCP Record: {'Benchmark': 'dlrm_dcnv2', 'BS': 55296, 'Hyperparams': {'opt_name': 'adagrad', 'opt_base_learning_rate': 0.004, 'opt_adagrad_learning_rate_decay': 0.0, 'opt_adagrad_initial_accumulator_value': 0.0, 'opt_adagrad_epsilon': 1e-08, 'opt_weight_decay': 0.0, 'opt_learning_rate_warmup_steps': 0, 'opt_learning_rate_decay_start_step': 0, 'opt_learning_rate_decay_steps': 0}, 'Epochs to converge': [0.7, 0.7, 0.7, 0.7, 0.7, 0.7, 0.7, 0.7, 0.7, 0.7, 0.75, 0.75, 0.75, 0.75, 0.75, 0.75, 0.75, 0.75, 0.75, 0.75, 0.75, 0.75, 0.75, 0.75, 0.75, 0.75, 0.75, 0.75, 0.75, 0.75, 0.75, 0.75, 0.75, 0.75, 0.75, 0.8, 0.8, 0.8, 0.8, 0.8, 0.8, 0.8, 0.8, 0.8, 0.8, 0.8, 0.9, 0.9, 0.9, 0.9], 'RCP Mean': 0.7614583333333332, 'RCP Stdev': 0.048131312717283034, 'Max Speedup': 1.0420403230935575, 'Min Epochs': 0.7307378768920896}
INFO -  Submission mean epochs: 0.7500
INFO -  Submission mean epochs faster than RCP mean but within max speedup range. Score should be normalized by factor of 0.7614583333333332 / 0.75 = 1.0152777777777777
INFO -  Results scaling set to normalization factor of 1.0153
INFO - RCP Test Passed: RCP found
INFO - ------------------------------
INFO - ------------------------------
INFO - PACKAGE CHECKER FOUND NO ERRORS, SUCCESS !
INFO - ------------------------------
